-------------------------------------------------------------------------------
Test set: com.grayMatter.CalculaterTest
-------------------------------------------------------------------------------
Tests run: 1, Failures: 0, Errors: 1, Skipped: 0, Time elapsed: 0.008 s <<< FAILURE! - in com.grayMatter.CalculaterTest
initializationError(com.grayMatter.CalculaterTest)  Time elapsed: 0.006 s  <<< ERROR!
java.lang.Exception: Method printLogBeforeClassMethod() should be static

